Episode: 1 | Scores: 35.0 | Mean_score: 35.0
Episode: 2 | Scores: 56.0 | Mean_score: 45.5
Episode: 3 | Scores: 20.0 | Mean_score: 37.0
Episode: 4 | Scores: 15.0 | Mean_score: 31.5
Episode: 5 | Scores: 21.0 | Mean_score: 29.4
Episode: 6 | Scores: 72.0 | Mean_score: 36.5
Episode: 7 | Scores: 19.0 | Mean_score: 34.0
Episode: 8 | Scores: 37.0 | Mean_score: 34.375
Episode: 9 | Scores: 19.0 | Mean_score: 32.666666666666664
Episode: 10 | Scores: 15.0 | Mean_score: 30.9
Episode: 11 | Scores: 22.0 | Mean_score: 30.09090909090909
Episode: 12 | Scores: 12.0 | Mean_score: 28.583333333333332
Episode: 13 | Scores: 16.0 | Mean_score: 27.615384615384617
Episode: 14 | Scores: 34.0 | Mean_score: 28.071428571428573
Episode: 15 | Scores: 50.0 | Mean_score: 29.533333333333335
Episode: 16 | Scores: 28.0 | Mean_score: 29.4375
Episode: 17 | Scores: 19.0 | Mean_score: 28.823529411764707
Episode: 18 | Scores: 19.0 | Mean_score: 28.27777777777778
Episode: 19 | Scores: 16.0 | Mean_score: 27.63157894736842
Episode: 20 | Scores: 23.0 | Mean_score: 27.4
Episode: 21 | Scores: 16.0 | Mean_score: 26.857142857142858
Episode: 22 | Scores: 77.0 | Mean_score: 29.136363636363637
Episode: 23 | Scores: 43.0 | Mean_score: 29.73913043478261
Episode: 24 | Scores: 24.0 | Mean_score: 29.5
Episode: 25 | Scores: 39.0 | Mean_score: 29.88
Episode: 26 | Scores: 39.0 | Mean_score: 30.23076923076923
Episode: 27 | Scores: 25.0 | Mean_score: 30.037037037037038
Episode: 28 | Scores: 29.0 | Mean_score: 30.0
Episode: 29 | Scores: 37.0 | Mean_score: 30.24137931034483
Episode: 30 | Scores: 23.0 | Mean_score: 30.0
Episode: 31 | Scores: 14.0 | Mean_score: 29.483870967741936
Episode: 32 | Scores: 90.0 | Mean_score: 31.375
Episode: 33 | Scores: 30.0 | Mean_score: 31.333333333333332
Episode: 34 | Scores: 45.0 | Mean_score: 31.735294117647058
Episode: 35 | Scores: 23.0 | Mean_score: 31.485714285714284
Episode: 36 | Scores: 39.0 | Mean_score: 31.694444444444443
Episode: 37 | Scores: 30.0 | Mean_score: 31.64864864864865
Episode: 38 | Scores: 45.0 | Mean_score: 32.0
Episode: 39 | Scores: 29.0 | Mean_score: 31.923076923076923
Episode: 40 | Scores: 35.0 | Mean_score: 32.0
Episode: 41 | Scores: 41.0 | Mean_score: 32.21951219512195
Episode: 42 | Scores: 55.0 | Mean_score: 32.76190476190476
Episode: 43 | Scores: 29.0 | Mean_score: 32.674418604651166
Episode: 44 | Scores: 40.0 | Mean_score: 32.84090909090909
Episode: 45 | Scores: 113.0 | Mean_score: 34.62222222222222
Episode: 46 | Scores: 173.0 | Mean_score: 37.630434782608695
Episode: 47 | Scores: 57.0 | Mean_score: 38.04255319148936
Episode: 48 | Scores: 63.0 | Mean_score: 38.5625
Episode: 49 | Scores: 56.0 | Mean_score: 38.91836734693877
Episode: 50 | Scores: 43.0 | Mean_score: 39.0
Episode: 51 | Scores: 130.0 | Mean_score: 40.78431372549019
Episode: 52 | Scores: 98.0 | Mean_score: 41.88461538461539
Episode: 53 | Scores: 17.0 | Mean_score: 41.41509433962264
Episode: 54 | Scores: 77.0 | Mean_score: 42.074074074074076
Episode: 55 | Scores: 132.0 | Mean_score: 43.70909090909091
Episode: 56 | Scores: 118.0 | Mean_score: 45.035714285714285
Episode: 57 | Scores: 107.0 | Mean_score: 46.12280701754386
Episode: 58 | Scores: 108.0 | Mean_score: 47.189655172413794
Episode: 59 | Scores: 54.0 | Mean_score: 47.30508474576271
Episode: 60 | Scores: 200.0 | Mean_score: 49.85
Episode: 61 | Scores: 72.0 | Mean_score: 50.21311475409836
Episode: 62 | Scores: 200.0 | Mean_score: 52.62903225806452
Episode: 63 | Scores: 127.0 | Mean_score: 53.80952380952381
Episode: 64 | Scores: 200.0 | Mean_score: 56.09375
Episode: 65 | Scores: 200.0 | Mean_score: 58.30769230769231
Episode: 66 | Scores: 200.0 | Mean_score: 60.45454545454545
Episode: 67 | Scores: 200.0 | Mean_score: 62.53731343283582
Episode: 68 | Scores: 200.0 | Mean_score: 64.55882352941177
Episode: 69 | Scores: 200.0 | Mean_score: 66.52173913043478
Episode: 70 | Scores: 101.0 | Mean_score: 67.01428571428572
Episode: 71 | Scores: 200.0 | Mean_score: 68.88732394366197
Episode: 72 | Scores: 122.0 | Mean_score: 69.625
Episode: 73 | Scores: 200.0 | Mean_score: 71.41095890410959
Episode: 74 | Scores: 145.0 | Mean_score: 72.4054054054054
Episode: 75 | Scores: 200.0 | Mean_score: 74.10666666666667
Episode: 76 | Scores: 200.0 | Mean_score: 75.76315789473684
Episode: 77 | Scores: 183.0 | Mean_score: 77.15584415584415
Episode: 78 | Scores: 182.0 | Mean_score: 78.5
Episode: 79 | Scores: 175.0 | Mean_score: 79.72151898734177
Episode: 80 | Scores: 23.0 | Mean_score: 79.0125
Episode: 81 | Scores: 143.0 | Mean_score: 79.80246913580247
Episode: 82 | Scores: 185.0 | Mean_score: 81.08536585365853
Episode: 83 | Scores: 52.0 | Mean_score: 80.73493975903614
Episode: 84 | Scores: 200.0 | Mean_score: 82.1547619047619
Episode: 85 | Scores: 199.0 | Mean_score: 83.52941176470588
Episode: 86 | Scores: 128.0 | Mean_score: 84.04651162790698
Episode: 87 | Scores: 146.0 | Mean_score: 84.75862068965517
Episode: 88 | Scores: 171.0 | Mean_score: 85.73863636363636
Episode: 89 | Scores: 141.0 | Mean_score: 86.35955056179775
Episode: 90 | Scores: 129.0 | Mean_score: 86.83333333333333
Episode: 91 | Scores: 161.0 | Mean_score: 87.64835164835165
Episode: 92 | Scores: 162.0 | Mean_score: 88.45652173913044
Episode: 93 | Scores: 156.0 | Mean_score: 89.18279569892474
Episode: 94 | Scores: 156.0 | Mean_score: 89.8936170212766
Episode: 95 | Scores: 146.0 | Mean_score: 90.48421052631579
Episode: 96 | Scores: 159.0 | Mean_score: 91.19791666666667
Episode: 97 | Scores: 140.0 | Mean_score: 91.70103092783505
Episode: 98 | Scores: 167.0 | Mean_score: 92.46938775510205
Episode: 99 | Scores: 145.0 | Mean_score: 93.0
Episode: 100 | Scores: 200.0 | Mean_score: 94.07
Episode: 101 | Scores: 200.0 | Mean_score: 95.72
Episode: 102 | Scores: 200.0 | Mean_score: 97.16
Episode: 103 | Scores: 200.0 | Mean_score: 98.96
Episode: 104 | Scores: 188.0 | Mean_score: 100.69
Episode: 105 | Scores: 200.0 | Mean_score: 102.48
Episode: 106 | Scores: 200.0 | Mean_score: 103.76
Episode: 107 | Scores: 153.0 | Mean_score: 105.1
Episode: 108 | Scores: 193.0 | Mean_score: 106.66
Episode: 109 | Scores: 200.0 | Mean_score: 108.47
Episode: 110 | Scores: 200.0 | Mean_score: 110.32
Episode: 111 | Scores: 111.0 | Mean_score: 111.21
Episode: 112 | Scores: 148.0 | Mean_score: 112.57
Episode: 113 | Scores: 138.0 | Mean_score: 113.79
Episode: 114 | Scores: 175.0 | Mean_score: 115.2
Episode: 115 | Scores: 142.0 | Mean_score: 116.12
Episode: 116 | Scores: 128.0 | Mean_score: 117.12
Episode: 117 | Scores: 125.0 | Mean_score: 118.18
Episode: 118 | Scores: 131.0 | Mean_score: 119.3
Episode: 119 | Scores: 151.0 | Mean_score: 120.65
Episode: 120 | Scores: 136.0 | Mean_score: 121.78
Episode: 121 | Scores: 138.0 | Mean_score: 123.0
Episode: 122 | Scores: 153.0 | Mean_score: 123.76
Episode: 123 | Scores: 127.0 | Mean_score: 124.6
Episode: 124 | Scores: 152.0 | Mean_score: 125.88
Episode: 125 | Scores: 130.0 | Mean_score: 126.79
Episode: 126 | Scores: 118.0 | Mean_score: 127.58
Episode: 127 | Scores: 119.0 | Mean_score: 128.52
Episode: 128 | Scores: 138.0 | Mean_score: 129.61
Episode: 129 | Scores: 154.0 | Mean_score: 130.78
Episode: 130 | Scores: 151.0 | Mean_score: 132.06
Episode: 131 | Scores: 172.0 | Mean_score: 133.64
Episode: 132 | Scores: 199.0 | Mean_score: 134.73
Episode: 133 | Scores: 162.0 | Mean_score: 136.05
Episode: 134 | Scores: 133.0 | Mean_score: 136.93
Episode: 135 | Scores: 200.0 | Mean_score: 138.7
Episode: 136 | Scores: 164.0 | Mean_score: 139.95
Episode: 137 | Scores: 200.0 | Mean_score: 141.65
Episode: 138 | Scores: 158.0 | Mean_score: 142.78
Episode: 139 | Scores: 182.0 | Mean_score: 144.31
Episode: 140 | Scores: 173.0 | Mean_score: 145.69
Episode: 141 | Scores: 159.0 | Mean_score: 146.87
Episode: 142 | Scores: 196.0 | Mean_score: 148.28
Episode: 143 | Scores: 168.0 | Mean_score: 149.67
Episode: 144 | Scores: 181.0 | Mean_score: 151.08
Episode: 145 | Scores: 200.0 | Mean_score: 151.95
Episode: 146 | Scores: 200.0 | Mean_score: 152.22
Episode: 147 | Scores: 200.0 | Mean_score: 153.65
Episode: 148 | Scores: 200.0 | Mean_score: 155.02
Episode: 149 | Scores: 200.0 | Mean_score: 156.46
Episode: 150 | Scores: 200.0 | Mean_score: 158.03
Episode: 151 | Scores: 200.0 | Mean_score: 158.73
Episode: 152 | Scores: 200.0 | Mean_score: 159.75
Episode: 153 | Scores: 200.0 | Mean_score: 161.58
Episode: 154 | Scores: 200.0 | Mean_score: 162.81
Episode: 155 | Scores: 200.0 | Mean_score: 163.49
Episode: 156 | Scores: 200.0 | Mean_score: 164.31
Episode: 157 | Scores: 200.0 | Mean_score: 165.24
Episode: 158 | Scores: 200.0 | Mean_score: 166.16
Episode: 159 | Scores: 200.0 | Mean_score: 167.62
Episode: 160 | Scores: 200.0 | Mean_score: 167.62
Episode: 161 | Scores: 200.0 | Mean_score: 168.9
Episode: 162 | Scores: 200.0 | Mean_score: 168.9
Episode: 163 | Scores: 200.0 | Mean_score: 169.63
Episode: 164 | Scores: 200.0 | Mean_score: 169.63
Episode: 165 | Scores: 200.0 | Mean_score: 169.63
Episode: 166 | Scores: 200.0 | Mean_score: 169.63
Episode: 167 | Scores: 200.0 | Mean_score: 169.63
Episode: 168 | Scores: 185.0 | Mean_score: 169.48
Episode: 169 | Scores: 199.0 | Mean_score: 169.47
Episode: 170 | Scores: 168.0 | Mean_score: 170.14
Episode: 171 | Scores: 161.0 | Mean_score: 169.75
Episode: 172 | Scores: 185.0 | Mean_score: 170.38
Episode: 173 | Scores: 173.0 | Mean_score: 170.11
Episode: 174 | Scores: 154.0 | Mean_score: 170.2
Episode: 175 | Scores: 188.0 | Mean_score: 170.08
Episode: 176 | Scores: 200.0 | Mean_score: 170.08
Episode: 177 | Scores: 200.0 | Mean_score: 170.25
Episode: 178 | Scores: 169.0 | Mean_score: 170.12
Episode: 179 | Scores: 156.0 | Mean_score: 169.93
Episode: 180 | Scores: 166.0 | Mean_score: 171.36
Episode: 181 | Scores: 159.0 | Mean_score: 171.52
Episode: 182 | Scores: 178.0 | Mean_score: 171.45
Episode: 183 | Scores: 156.0 | Mean_score: 172.49
Episode: 184 | Scores: 177.0 | Mean_score: 172.26
Episode: 185 | Scores: 170.0 | Mean_score: 171.97
Episode: 186 | Scores: 182.0 | Mean_score: 172.51
Episode: 187 | Scores: 200.0 | Mean_score: 173.05
Episode: 188 | Scores: 184.0 | Mean_score: 173.18
Episode: 189 | Scores: 195.0 | Mean_score: 173.72
Episode: 190 | Scores: 200.0 | Mean_score: 174.43
Episode: 191 | Scores: 198.0 | Mean_score: 174.8
Episode: 192 | Scores: 200.0 | Mean_score: 175.18
Episode: 193 | Scores: 200.0 | Mean_score: 175.62
Episode: 194 | Scores: 200.0 | Mean_score: 176.06
Episode: 195 | Scores: 200.0 | Mean_score: 176.6
Episode: 196 | Scores: 200.0 | Mean_score: 177.01
Episode: 197 | Scores: 199.0 | Mean_score: 177.6
Episode: 198 | Scores: 200.0 | Mean_score: 177.93
Episode: 199 | Scores: 200.0 | Mean_score: 178.48
Episode: 200 | Scores: 200.0 | Mean_score: 178.48
Episode: 201 | Scores: 186.0 | Mean_score: 178.34
Episode: 202 | Scores: 200.0 | Mean_score: 178.34
Episode: 203 | Scores: 200.0 | Mean_score: 178.34
Episode: 204 | Scores: 185.0 | Mean_score: 178.31
Episode: 205 | Scores: 185.0 | Mean_score: 178.16
Episode: 206 | Scores: 192.0 | Mean_score: 178.08
Episode: 207 | Scores: 166.0 | Mean_score: 178.21
Episode: 208 | Scores: 183.0 | Mean_score: 178.11
Episode: 209 | Scores: 200.0 | Mean_score: 178.11
Episode: 210 | Scores: 200.0 | Mean_score: 178.11
Episode: 211 | Scores: 200.0 | Mean_score: 179.0
Episode: 212 | Scores: 200.0 | Mean_score: 179.52
Episode: 213 | Scores: 200.0 | Mean_score: 180.14
