Episode: 1 | Scores: 20.0 | Mean_score: 20.0
Episode: 2 | Scores: 19.0 | Mean_score: 19.5
Episode: 3 | Scores: 30.0 | Mean_score: 23.0
Episode: 4 | Scores: 29.0 | Mean_score: 24.5
Episode: 5 | Scores: 52.0 | Mean_score: 30.0
Episode: 6 | Scores: 21.0 | Mean_score: 28.5
Episode: 7 | Scores: 24.0 | Mean_score: 27.857142857142858
Episode: 8 | Scores: 39.0 | Mean_score: 29.25
Episode: 9 | Scores: 16.0 | Mean_score: 27.77777777777778
Episode: 10 | Scores: 30.0 | Mean_score: 28.0
Episode: 11 | Scores: 48.0 | Mean_score: 29.818181818181817
Episode: 12 | Scores: 27.0 | Mean_score: 29.583333333333332
Episode: 13 | Scores: 21.0 | Mean_score: 28.923076923076923
Episode: 14 | Scores: 53.0 | Mean_score: 30.642857142857142
Episode: 15 | Scores: 33.0 | Mean_score: 30.8
Episode: 16 | Scores: 36.0 | Mean_score: 31.125
Episode: 17 | Scores: 37.0 | Mean_score: 31.470588235294116
Episode: 18 | Scores: 59.0 | Mean_score: 33.0
Episode: 19 | Scores: 30.0 | Mean_score: 32.8421052631579
Episode: 20 | Scores: 55.0 | Mean_score: 33.95
Episode: 21 | Scores: 25.0 | Mean_score: 33.523809523809526
Episode: 22 | Scores: 58.0 | Mean_score: 34.63636363636363
Episode: 23 | Scores: 29.0 | Mean_score: 34.391304347826086
Episode: 24 | Scores: 69.0 | Mean_score: 35.833333333333336
Episode: 25 | Scores: 48.0 | Mean_score: 36.32
Episode: 26 | Scores: 43.0 | Mean_score: 36.57692307692308
Episode: 27 | Scores: 21.0 | Mean_score: 36.0
Episode: 28 | Scores: 50.0 | Mean_score: 36.5
Episode: 29 | Scores: 53.0 | Mean_score: 37.06896551724138
Episode: 30 | Scores: 43.0 | Mean_score: 37.266666666666666
Episode: 31 | Scores: 40.0 | Mean_score: 37.354838709677416
Episode: 32 | Scores: 37.0 | Mean_score: 37.34375
Episode: 33 | Scores: 53.0 | Mean_score: 37.81818181818182
Episode: 34 | Scores: 54.0 | Mean_score: 38.294117647058826
Episode: 35 | Scores: 56.0 | Mean_score: 38.8
Episode: 36 | Scores: 117.0 | Mean_score: 40.97222222222222
Episode: 37 | Scores: 83.0 | Mean_score: 42.108108108108105
Episode: 38 | Scores: 55.0 | Mean_score: 42.44736842105263
Episode: 39 | Scores: 40.0 | Mean_score: 42.38461538461539
Episode: 40 | Scores: 84.0 | Mean_score: 43.425
Episode: 41 | Scores: 66.0 | Mean_score: 43.97560975609756
Episode: 42 | Scores: 52.0 | Mean_score: 44.166666666666664
Episode: 43 | Scores: 87.0 | Mean_score: 45.16279069767442
Episode: 44 | Scores: 76.0 | Mean_score: 45.86363636363637
Episode: 45 | Scores: 90.0 | Mean_score: 46.84444444444444
Episode: 46 | Scores: 175.0 | Mean_score: 49.630434782608695
Episode: 47 | Scores: 83.0 | Mean_score: 50.340425531914896
Episode: 48 | Scores: 60.0 | Mean_score: 50.541666666666664
Episode: 49 | Scores: 77.0 | Mean_score: 51.08163265306123
Episode: 50 | Scores: 62.0 | Mean_score: 51.3
Episode: 51 | Scores: 78.0 | Mean_score: 51.8235294117647
Episode: 52 | Scores: 35.0 | Mean_score: 51.5
Episode: 53 | Scores: 46.0 | Mean_score: 51.39622641509434
Episode: 54 | Scores: 35.0 | Mean_score: 51.092592592592595
Episode: 55 | Scores: 48.0 | Mean_score: 51.03636363636364
Episode: 56 | Scores: 36.0 | Mean_score: 50.767857142857146
Episode: 57 | Scores: 53.0 | Mean_score: 50.80701754385965
Episode: 58 | Scores: 47.0 | Mean_score: 50.741379310344826
Episode: 59 | Scores: 36.0 | Mean_score: 50.49152542372882
Episode: 60 | Scores: 66.0 | Mean_score: 50.75
Episode: 61 | Scores: 46.0 | Mean_score: 50.67213114754098
Episode: 62 | Scores: 45.0 | Mean_score: 50.58064516129032
Episode: 63 | Scores: 49.0 | Mean_score: 50.55555555555556
Episode: 64 | Scores: 66.0 | Mean_score: 50.796875
Episode: 65 | Scores: 37.0 | Mean_score: 50.58461538461538
Episode: 66 | Scores: 34.0 | Mean_score: 50.333333333333336
Episode: 67 | Scores: 44.0 | Mean_score: 50.23880597014925
Episode: 68 | Scores: 55.0 | Mean_score: 50.30882352941177
Episode: 69 | Scores: 56.0 | Mean_score: 50.391304347826086
Episode: 70 | Scores: 60.0 | Mean_score: 50.52857142857143
Episode: 71 | Scores: 74.0 | Mean_score: 50.859154929577464
Episode: 72 | Scores: 42.0 | Mean_score: 50.736111111111114
Episode: 73 | Scores: 52.0 | Mean_score: 50.75342465753425
Episode: 74 | Scores: 40.0 | Mean_score: 50.608108108108105
Episode: 75 | Scores: 49.0 | Mean_score: 50.586666666666666
Episode: 76 | Scores: 42.0 | Mean_score: 50.473684210526315
Episode: 77 | Scores: 63.0 | Mean_score: 50.63636363636363
Episode: 78 | Scores: 58.0 | Mean_score: 50.73076923076923
Episode: 79 | Scores: 79.0 | Mean_score: 51.08860759493671
Episode: 80 | Scores: 49.0 | Mean_score: 51.0625
Episode: 81 | Scores: 88.0 | Mean_score: 51.51851851851852
Episode: 82 | Scores: 105.0 | Mean_score: 52.170731707317074
Episode: 83 | Scores: 104.0 | Mean_score: 52.795180722891565
Episode: 84 | Scores: 100.0 | Mean_score: 53.357142857142854
Episode: 85 | Scores: 200.0 | Mean_score: 55.082352941176474
Episode: 86 | Scores: 200.0 | Mean_score: 56.76744186046512
Episode: 87 | Scores: 107.0 | Mean_score: 57.3448275862069
Episode: 88 | Scores: 191.0 | Mean_score: 58.86363636363637
Episode: 89 | Scores: 181.0 | Mean_score: 60.235955056179776
Episode: 90 | Scores: 200.0 | Mean_score: 61.78888888888889
Episode: 91 | Scores: 117.0 | Mean_score: 62.395604395604394
Episode: 92 | Scores: 111.0 | Mean_score: 62.92391304347826
Episode: 93 | Scores: 174.0 | Mean_score: 64.11827956989248
Episode: 94 | Scores: 120.0 | Mean_score: 64.7127659574468
Episode: 95 | Scores: 139.0 | Mean_score: 65.49473684210527
Episode: 96 | Scores: 115.0 | Mean_score: 66.01041666666667
Episode: 97 | Scores: 126.0 | Mean_score: 66.62886597938144
Episode: 98 | Scores: 68.0 | Mean_score: 66.64285714285714
Episode: 99 | Scores: 96.0 | Mean_score: 66.93939393939394
Episode: 100 | Scores: 62.0 | Mean_score: 66.89
Episode: 101 | Scores: 80.0 | Mean_score: 67.49
Episode: 102 | Scores: 54.0 | Mean_score: 67.84
Episode: 103 | Scores: 58.0 | Mean_score: 68.12
Episode: 104 | Scores: 49.0 | Mean_score: 68.32
Episode: 105 | Scores: 43.0 | Mean_score: 68.23
Episode: 106 | Scores: 33.0 | Mean_score: 68.35
Episode: 107 | Scores: 41.0 | Mean_score: 68.52
Episode: 108 | Scores: 41.0 | Mean_score: 68.54
Episode: 109 | Scores: 38.0 | Mean_score: 68.76
Episode: 110 | Scores: 42.0 | Mean_score: 68.88
Episode: 111 | Scores: 24.0 | Mean_score: 68.64
Episode: 112 | Scores: 46.0 | Mean_score: 68.83
Episode: 113 | Scores: 32.0 | Mean_score: 68.94
Episode: 114 | Scores: 50.0 | Mean_score: 68.91
Episode: 115 | Scores: 35.0 | Mean_score: 68.93
Episode: 116 | Scores: 47.0 | Mean_score: 69.04
Episode: 117 | Scores: 33.0 | Mean_score: 69.0
Episode: 118 | Scores: 28.0 | Mean_score: 68.69
Episode: 119 | Scores: 41.0 | Mean_score: 68.8
Episode: 120 | Scores: 48.0 | Mean_score: 68.73
Episode: 121 | Scores: 38.0 | Mean_score: 68.86
Episode: 122 | Scores: 37.0 | Mean_score: 68.65
Episode: 123 | Scores: 38.0 | Mean_score: 68.74
Episode: 124 | Scores: 37.0 | Mean_score: 68.42
Episode: 125 | Scores: 49.0 | Mean_score: 68.43
Episode: 126 | Scores: 27.0 | Mean_score: 68.27
Episode: 127 | Scores: 40.0 | Mean_score: 68.46
Episode: 128 | Scores: 47.0 | Mean_score: 68.43
Episode: 129 | Scores: 32.0 | Mean_score: 68.22
Episode: 130 | Scores: 52.0 | Mean_score: 68.31
Episode: 131 | Scores: 52.0 | Mean_score: 68.43
Episode: 132 | Scores: 54.0 | Mean_score: 68.6
Episode: 133 | Scores: 39.0 | Mean_score: 68.46
Episode: 134 | Scores: 44.0 | Mean_score: 68.36
Episode: 135 | Scores: 53.0 | Mean_score: 68.33
Episode: 136 | Scores: 51.0 | Mean_score: 67.67
Episode: 137 | Scores: 86.0 | Mean_score: 67.7
Episode: 138 | Scores: 54.0 | Mean_score: 67.69
Episode: 139 | Scores: 76.0 | Mean_score: 68.05
Episode: 140 | Scores: 48.0 | Mean_score: 67.69
Episode: 141 | Scores: 79.0 | Mean_score: 67.82
Episode: 142 | Scores: 88.0 | Mean_score: 68.18
Episode: 143 | Scores: 73.0 | Mean_score: 68.04
Episode: 144 | Scores: 113.0 | Mean_score: 68.41
Episode: 145 | Scores: 112.0 | Mean_score: 68.63
Episode: 146 | Scores: 177.0 | Mean_score: 68.65
Episode: 147 | Scores: 89.0 | Mean_score: 68.71
Episode: 148 | Scores: 200.0 | Mean_score: 70.11
Episode: 149 | Scores: 122.0 | Mean_score: 70.56
Episode: 150 | Scores: 140.0 | Mean_score: 71.34
Episode: 151 | Scores: 200.0 | Mean_score: 72.56
Episode: 152 | Scores: 200.0 | Mean_score: 74.21
Episode: 153 | Scores: 123.0 | Mean_score: 74.98
Episode: 154 | Scores: 87.0 | Mean_score: 75.5
Episode: 155 | Scores: 80.0 | Mean_score: 75.82
Episode: 156 | Scores: 129.0 | Mean_score: 76.75
Episode: 157 | Scores: 65.0 | Mean_score: 76.87
Episode: 158 | Scores: 141.0 | Mean_score: 77.81
Episode: 159 | Scores: 99.0 | Mean_score: 78.44
Episode: 160 | Scores: 90.0 | Mean_score: 78.68
Episode: 161 | Scores: 78.0 | Mean_score: 79.0
Episode: 162 | Scores: 113.0 | Mean_score: 79.68
Episode: 163 | Scores: 99.0 | Mean_score: 80.18
Episode: 164 | Scores: 124.0 | Mean_score: 80.76
Episode: 165 | Scores: 97.0 | Mean_score: 81.36
Episode: 166 | Scores: 74.0 | Mean_score: 81.76
Episode: 167 | Scores: 71.0 | Mean_score: 82.03
Episode: 168 | Scores: 103.0 | Mean_score: 82.51
Episode: 169 | Scores: 85.0 | Mean_score: 82.8
Episode: 170 | Scores: 111.0 | Mean_score: 83.31
Episode: 171 | Scores: 114.0 | Mean_score: 83.71
Episode: 172 | Scores: 74.0 | Mean_score: 84.03
Episode: 173 | Scores: 91.0 | Mean_score: 84.42
Episode: 174 | Scores: 146.0 | Mean_score: 85.48
Episode: 175 | Scores: 96.0 | Mean_score: 85.95
Episode: 176 | Scores: 76.0 | Mean_score: 86.29
Episode: 177 | Scores: 110.0 | Mean_score: 86.76
Episode: 178 | Scores: 116.0 | Mean_score: 87.34
Episode: 179 | Scores: 75.0 | Mean_score: 87.3
Episode: 180 | Scores: 183.0 | Mean_score: 88.64
Episode: 181 | Scores: 131.0 | Mean_score: 89.07
Episode: 182 | Scores: 122.0 | Mean_score: 89.24
Episode: 183 | Scores: 200.0 | Mean_score: 90.2
Episode: 184 | Scores: 146.0 | Mean_score: 90.66
Episode: 185 | Scores: 200.0 | Mean_score: 90.66
Episode: 186 | Scores: 200.0 | Mean_score: 90.66
Episode: 187 | Scores: 200.0 | Mean_score: 91.59
Episode: 188 | Scores: 200.0 | Mean_score: 91.68
Episode: 189 | Scores: 200.0 | Mean_score: 91.87
Episode: 190 | Scores: 200.0 | Mean_score: 91.87
Episode: 191 | Scores: 200.0 | Mean_score: 92.7
Episode: 192 | Scores: 200.0 | Mean_score: 93.59
Episode: 193 | Scores: 200.0 | Mean_score: 93.85
Episode: 194 | Scores: 200.0 | Mean_score: 94.65
Episode: 195 | Scores: 200.0 | Mean_score: 95.26
Episode: 196 | Scores: 200.0 | Mean_score: 96.11
Episode: 197 | Scores: 200.0 | Mean_score: 96.85
Episode: 198 | Scores: 200.0 | Mean_score: 98.17
Episode: 199 | Scores: 200.0 | Mean_score: 99.21
Episode: 200 | Scores: 200.0 | Mean_score: 100.59
Episode: 201 | Scores: 194.0 | Mean_score: 101.73
Episode: 202 | Scores: 195.0 | Mean_score: 103.14
Episode: 203 | Scores: 200.0 | Mean_score: 104.56
Episode: 204 | Scores: 200.0 | Mean_score: 106.07
Episode: 205 | Scores: 200.0 | Mean_score: 107.64
Episode: 206 | Scores: 200.0 | Mean_score: 109.31
Episode: 207 | Scores: 200.0 | Mean_score: 110.9
Episode: 208 | Scores: 200.0 | Mean_score: 112.49
Episode: 209 | Scores: 200.0 | Mean_score: 114.11
Episode: 210 | Scores: 198.0 | Mean_score: 115.67
Episode: 211 | Scores: 200.0 | Mean_score: 117.43
Episode: 212 | Scores: 170.0 | Mean_score: 118.67
Episode: 213 | Scores: 200.0 | Mean_score: 120.35
Episode: 214 | Scores: 136.0 | Mean_score: 121.21
Episode: 215 | Scores: 200.0 | Mean_score: 122.86
Episode: 216 | Scores: 200.0 | Mean_score: 124.39
Episode: 217 | Scores: 175.0 | Mean_score: 125.81
Episode: 218 | Scores: 200.0 | Mean_score: 127.53
Episode: 219 | Scores: 176.0 | Mean_score: 128.88
Episode: 220 | Scores: 200.0 | Mean_score: 130.4
Episode: 221 | Scores: 192.0 | Mean_score: 131.94
Episode: 222 | Scores: 200.0 | Mean_score: 133.57
Episode: 223 | Scores: 200.0 | Mean_score: 135.19
Episode: 224 | Scores: 152.0 | Mean_score: 136.34
Episode: 225 | Scores: 200.0 | Mean_score: 137.85
Episode: 226 | Scores: 200.0 | Mean_score: 139.58
Episode: 227 | Scores: 200.0 | Mean_score: 141.18
Episode: 228 | Scores: 179.0 | Mean_score: 142.5
Episode: 229 | Scores: 200.0 | Mean_score: 144.18
Episode: 230 | Scores: 193.0 | Mean_score: 145.59
Episode: 231 | Scores: 200.0 | Mean_score: 147.07
Episode: 232 | Scores: 200.0 | Mean_score: 148.53
Episode: 233 | Scores: 164.0 | Mean_score: 149.78
Episode: 234 | Scores: 200.0 | Mean_score: 151.34
Episode: 235 | Scores: 200.0 | Mean_score: 152.81
Episode: 236 | Scores: 162.0 | Mean_score: 153.92
Episode: 237 | Scores: 180.0 | Mean_score: 154.86
Episode: 238 | Scores: 158.0 | Mean_score: 155.9
Episode: 239 | Scores: 166.0 | Mean_score: 156.8
Episode: 240 | Scores: 145.0 | Mean_score: 157.77
Episode: 241 | Scores: 167.0 | Mean_score: 158.65
Episode: 242 | Scores: 171.0 | Mean_score: 159.48
Episode: 243 | Scores: 137.0 | Mean_score: 160.12
Episode: 244 | Scores: 200.0 | Mean_score: 160.99
Episode: 245 | Scores: 114.0 | Mean_score: 161.01
Episode: 246 | Scores: 123.0 | Mean_score: 160.47
Episode: 247 | Scores: 152.0 | Mean_score: 161.1
Episode: 248 | Scores: 139.0 | Mean_score: 160.49
Episode: 249 | Scores: 160.0 | Mean_score: 160.87
Episode: 250 | Scores: 154.0 | Mean_score: 161.01
Episode: 251 | Scores: 144.0 | Mean_score: 160.45
Episode: 252 | Scores: 173.0 | Mean_score: 160.18
Episode: 253 | Scores: 159.0 | Mean_score: 160.54
Episode: 254 | Scores: 200.0 | Mean_score: 161.67
Episode: 255 | Scores: 200.0 | Mean_score: 162.87
Episode: 256 | Scores: 200.0 | Mean_score: 163.58
Episode: 257 | Scores: 200.0 | Mean_score: 164.93
Episode: 258 | Scores: 200.0 | Mean_score: 165.52
Episode: 259 | Scores: 200.0 | Mean_score: 166.53
Episode: 260 | Scores: 200.0 | Mean_score: 167.63
Episode: 261 | Scores: 200.0 | Mean_score: 168.85
Episode: 262 | Scores: 200.0 | Mean_score: 169.72
Episode: 263 | Scores: 200.0 | Mean_score: 170.73
Episode: 264 | Scores: 200.0 | Mean_score: 171.49
Episode: 265 | Scores: 200.0 | Mean_score: 172.52
Episode: 266 | Scores: 177.0 | Mean_score: 173.55
Episode: 267 | Scores: 200.0 | Mean_score: 174.84
Episode: 268 | Scores: 185.0 | Mean_score: 175.66
Episode: 269 | Scores: 170.0 | Mean_score: 176.51
Episode: 270 | Scores: 200.0 | Mean_score: 177.4
Episode: 271 | Scores: 182.0 | Mean_score: 178.08
Episode: 272 | Scores: 135.0 | Mean_score: 178.69
Episode: 273 | Scores: 200.0 | Mean_score: 179.78
Episode: 274 | Scores: 200.0 | Mean_score: 180.32
